Using pre-set license
Built from '2021.3/staging' branch; Version is '2021.3.26f1 (a16dc32e0ff2) revision 10579395'; Using compiler version '192829333'; Build Type 'Release'
OS: 'Windows 10  (10.0.19045) 64bit Enterprise' Language: 'en' Physical Memory: 65224 MB
BatchMode: 1, IsHumanControllingUs: 0, StartBugReporterOnCrash: 0, Is64bit: 1, IsPro: 1

COMMAND LINE ARGUMENTS:
C:\Program Files\Unity\Hub\Editor\2021.3.26f1\Editor\Unity.exe
-adb2
-batchMode
-noUpm
-name
AssetImportWorker1
-projectPath
C:/Users/alexander.roache/Documents/GitHub/Some3d
-logFile
Logs/AssetImportWorker1.log
-srvPort
51136
Successfully changed project path to: C:/Users/alexander.roache/Documents/GitHub/Some3d
C:/Users/alexander.roache/Documents/GitHub/Some3d
[UnityMemory] Configuration Parameters - Can be set up in boot.config
    "memorysetup-bucket-allocator-granularity=16"
    "memorysetup-bucket-allocator-bucket-count=8"
    "memorysetup-bucket-allocator-block-size=33554432"
    "memorysetup-bucket-allocator-block-count=8"
    "memorysetup-main-allocator-block-size=16777216"
    "memorysetup-thread-allocator-block-size=16777216"
    "memorysetup-gfx-main-allocator-block-size=16777216"
    "memorysetup-gfx-thread-allocator-block-size=16777216"
    "memorysetup-cache-allocator-block-size=4194304"
    "memorysetup-typetree-allocator-block-size=2097152"
    "memorysetup-profiler-bucket-allocator-granularity=16"
    "memorysetup-profiler-bucket-allocator-bucket-count=8"
    "memorysetup-profiler-bucket-allocator-block-size=33554432"
    "memorysetup-profiler-bucket-allocator-block-count=8"
    "memorysetup-profiler-allocator-block-size=16777216"
    "memorysetup-profiler-editor-allocator-block-size=1048576"
    "memorysetup-temp-allocator-size-main=16777216"
    "memorysetup-job-temp-allocator-block-size=2097152"
    "memorysetup-job-temp-allocator-block-size-background=1048576"
    "memorysetup-job-temp-allocator-reduction-small-platforms=262144"
    "memorysetup-temp-allocator-size-background-worker=32768"
    "memorysetup-temp-allocator-size-job-worker=262144"
    "memorysetup-temp-allocator-size-preload-manager=33554432"
    "memorysetup-temp-allocator-size-nav-mesh-worker=65536"
    "memorysetup-temp-allocator-size-audio-worker=65536"
    "memorysetup-temp-allocator-size-cloud-worker=32768"
    "memorysetup-temp-allocator-size-gi-baking-worker=262144"
    "memorysetup-temp-allocator-size-gfx=262144"
Player connection [5764] Host "[IP] 172.27.15.207 [Port] 0 [Flags] 2 [Guid] 1918893107 [EditorId] 1918893107 [Version] 1048832 [Id] WindowsEditor(7,NS00J002011DE20) [Debug] 1 [PackageName] WindowsEditor [ProjectName] Editor" joined multi-casting on [225.0.0.222:54997]...

Player connection [5764] Host "[IP] 172.27.15.207 [Port] 0 [Flags] 2 [Guid] 1918893107 [EditorId] 1918893107 [Version] 1048832 [Id] WindowsEditor(7,NS00J002011DE20) [Debug] 1 [PackageName] WindowsEditor [ProjectName] Editor" joined alternative multi-casting on [225.0.0.222:34997]...

Refreshing native plugins compatible for Editor in 67.64 ms, found 3 plugins.
Preloading 0 native plugins for Editor in 0.00 ms.
Initialize engine version: 2021.3.26f1 (a16dc32e0ff2)
[Subsystems] Discovering subsystems at path C:/Program Files/Unity/Hub/Editor/2021.3.26f1/Editor/Data/Resources/UnitySubsystems
[Subsystems] Discovering subsystems at path C:/Users/alexander.roache/Documents/GitHub/Some3d/Assets
GfxDevice: creating device client; threaded=0; jobified=0
Direct3D:
    Version:  Direct3D 11.0 [level 11.1]
    Renderer: NVIDIA GeForce RTX 3090 (ID=0x2204)
    Vendor:   NVIDIA
    VRAM:     24340 MB
    Driver:   31.0.15.3619
Initialize mono
Mono path[0] = 'C:/Program Files/Unity/Hub/Editor/2021.3.26f1/Editor/Data/Managed'
Mono path[1] = 'C:/Program Files/Unity/Hub/Editor/2021.3.26f1/Editor/Data/MonoBleedingEdge/lib/mono/unityjit-win32'
Mono config path = 'C:/Program Files/Unity/Hub/Editor/2021.3.26f1/Editor/Data/MonoBleedingEdge/etc'
Using monoOptions --debugger-agent=transport=dt_socket,embedding=1,server=y,suspend=n,address=127.0.0.1:56872
Begin MonoManager ReloadAssembly
Registering precompiled unity dll's ...
Register platform support module: C:/Program Files/Unity/Hub/Editor/2021.3.26f1/Editor/Data/PlaybackEngines/WebGLSupport/UnityEditor.WebGL.Extensions.dll
Register platform support module: C:/Program Files/Unity/Hub/Editor/2021.3.26f1/Editor/Data/PlaybackEngines/AndroidPlayer/UnityEditor.Android.Extensions.dll
Register platform support module: C:/Program Files/Unity/Hub/Editor/2021.3.26f1/Editor/Data/PlaybackEngines/WindowsStandaloneSupport/UnityEditor.WindowsStandalone.Extensions.dll
Registered in 0.014214 seconds.
Native extension for WindowsStandalone target not found
Native extension for Android target not found
Android Extension - Scanning For ADB Devices 291 ms
Native extension for WebGL target not found
Refreshing native plugins compatible for Editor in 62.64 ms, found 3 plugins.
Preloading 0 native plugins for Editor in 0.00 ms.
Mono: successfully reloaded assembly
- Completed reload, in  1.053 seconds
Domain Reload Profiling:
	ReloadAssembly (1054ms)
		BeginReloadAssembly (102ms)
			ExecutionOrderSort (0ms)
			DisableScriptedObjects (0ms)
			BackupInstance (0ms)
			ReleaseScriptingObjects (0ms)
			CreateAndSetChildDomain (1ms)
		EndReloadAssembly (830ms)
			LoadAssemblies (99ms)
			RebuildTransferFunctionScriptingTraits (0ms)
			SetupTypeCache (110ms)
			ReleaseScriptCaches (0ms)
			RebuildScriptCaches (28ms)
			SetupLoadedEditorAssemblies (632ms)
				LogAssemblyErrors (0ms)
				InitializePlatformSupportModulesInManaged (419ms)
				SetLoadedEditorAssemblies (0ms)
				RefreshPlugins (63ms)
				BeforeProcessingInitializeOnLoad (1ms)
				ProcessInitializeOnLoadAttributes (100ms)
				ProcessInitializeOnLoadMethodAttributes (49ms)
				AfterProcessingInitializeOnLoad (0ms)
				EditorAssembliesLoaded (0ms)
			ExecutionOrderSort2 (0ms)
			AwakeInstancesAfterBackupRestoration (0ms)
Platform modules already initialized, skipping
Registering precompiled user dll's ...
Registered in 0.008442 seconds.
Begin MonoManager ReloadAssembly
Symbol file LoadedFromMemory doesn't match image C:\Users\alexander.roache\Documents\GitHub\Some3d\Library\PackageCache\com.unity.visualscripting@1.8.0\Editor\VisualScripting.Core\Dependencies\YamlDotNet\Unity.VisualScripting.YamlDotNet.dll
Symbol file LoadedFromMemory doesn't match image C:\Users\alexander.roache\Documents\GitHub\Some3d\Library\PackageCache\com.unity.visualscripting@1.8.0\Editor\VisualScripting.Core\Dependencies\DotNetZip\Unity.VisualScripting.IonicZip.dll
Native extension for WindowsStandalone target not found
Native extension for Android target not found
Native extension for WebGL target not found
Refreshing native plugins compatible for Editor in 0.47 ms, found 3 plugins.
Preloading 0 native plugins for Editor in 0.00 ms.
Mono: successfully reloaded assembly
- Completed reload, in  1.081 seconds
Domain Reload Profiling:
	ReloadAssembly (1081ms)
		BeginReloadAssembly (110ms)
			ExecutionOrderSort (0ms)
			DisableScriptedObjects (7ms)
			BackupInstance (0ms)
			ReleaseScriptingObjects (0ms)
			CreateAndSetChildDomain (18ms)
		EndReloadAssembly (850ms)
			LoadAssemblies (84ms)
			RebuildTransferFunctionScriptingTraits (0ms)
			SetupTypeCache (263ms)
			ReleaseScriptCaches (0ms)
			RebuildScriptCaches (55ms)
			SetupLoadedEditorAssemblies (369ms)
				LogAssemblyErrors (0ms)
				InitializePlatformSupportModulesInManaged (27ms)
				SetLoadedEditorAssemblies (0ms)
				RefreshPlugins (1ms)
				BeforeProcessingInitializeOnLoad (85ms)
				ProcessInitializeOnLoadAttributes (222ms)
				ProcessInitializeOnLoadMethodAttributes (22ms)
				AfterProcessingInitializeOnLoad (14ms)
				EditorAssembliesLoaded (0ms)
			ExecutionOrderSort2 (0ms)
			AwakeInstancesAfterBackupRestoration (6ms)
Platform modules already initialized, skipping
========================================================================
Worker process is ready to serve import requests
Launched and connected shader compiler UnityShaderCompiler.exe after 0.05 seconds
Refreshing native plugins compatible for Editor in 0.33 ms, found 3 plugins.
Preloading 0 native plugins for Editor in 0.00 ms.
Unloading 3065 Unused Serialized files (Serialized files now loaded: 0)
Unloading 22 unused Assets / (284.4 KB). Loaded Objects now: 3530.
Memory consumption went from 113.0 MB to 112.7 MB.
Total: 1.834000 ms (FindLiveObjects: 0.151800 ms CreateObjectMapping: 0.061800 ms MarkObjects: 1.562800 ms  DeleteObjects: 0.056100 ms)

AssetImportParameters requested are different than current active one (requested -> active):
  custom:video-decoder-ogg-theora: a1e56fd34408186e4bbccfd4996cb3dc -> 
  custom:container-muxer-webm: aa71ff27fc2769a1b78a27578f13a17b -> 
  custom:container-demuxer-webm: 4f35f7cbe854078d1ac9338744f61a02 -> 
  custom:video-encoder-webm-vp8: eb34c28f22e8b96e1ab97ce403110664 -> 
  custom:audio-encoder-webm-vorbis: bf7c407c2cedff20999df2af8eb42d56 -> 
  custom:framework-win-MediaFoundation: 216162199b28c13a410421893ffa2e32 -> 
  custom:container-demuxer-ogg: 62fdf1f143b41e24485cea50d1cbac27 -> 
  custom:video-decoder-webm-vp8: 9c59270c3fd7afecdb556c50c9e8de78 -> 
  custom:audio-decoder-ogg-vorbis: bf7c407c2cedff20999df2af8eb42d56 -> 
========================================================================
Received Import Request.
  Time since last request: 371938.224559 seconds.
  path: Assets/Settings Display.renderTexture
  artifactKey: Guid(306785488aa0c12458b7f163ef6ac3f2) Importer(815301076,1909f56bfc062723c751e8b465ee728b)
Start importing Assets/Settings Display.renderTexture using Guid(306785488aa0c12458b7f163ef6ac3f2) Importer(815301076,1909f56bfc062723c751e8b465ee728b)  -> (artifact id: '0820860dcca949513127d87eff763a81') in 0.047228 seconds 
========================================================================
Received Import Request.
  Time since last request: 56.090712 seconds.
  path: Assets/Art/WarriorBabe.png
  artifactKey: Guid(f2cfccf9738e2e240a4467df7e10e432) Importer(815301076,1909f56bfc062723c751e8b465ee728b)
Start importing Assets/Art/WarriorBabe.png using Guid(f2cfccf9738e2e240a4467df7e10e432) Importer(815301076,1909f56bfc062723c751e8b465ee728b)  -> (artifact id: '6cd10a6d810738398061398235424ea7') in 0.075037 seconds 
========================================================================
Received Import Request.
  Time since last request: 139.294440 seconds.
  path: Assets/Resources/Character/Armour_1.png
  artifactKey: Guid(c50cb6f059b3ca94a9b4f3dec849bd3c) Importer(815301076,1909f56bfc062723c751e8b465ee728b)
Start importing Assets/Resources/Character/Armour_1.png using Guid(c50cb6f059b3ca94a9b4f3dec849bd3c) Importer(815301076,1909f56bfc062723c751e8b465ee728b)  -> (artifact id: 'fa22a323a8c77334bac71cdc752a9ec5') in 0.035457 seconds 
========================================================================
Received Import Request.
  Time since last request: 0.002270 seconds.
  path: Assets/Resources/Character/Hair_1.png
  artifactKey: Guid(ad4904f67f8ad07468eddef6f0e0a3f8) Importer(815301076,1909f56bfc062723c751e8b465ee728b)
Start importing Assets/Resources/Character/Hair_1.png using Guid(ad4904f67f8ad07468eddef6f0e0a3f8) Importer(815301076,1909f56bfc062723c751e8b465ee728b)  -> (artifact id: 'f5962a9dffa2fe769a75011ea3354662') in 0.052880 seconds 
========================================================================
Received Import Request.
  Time since last request: 0.000031 seconds.
  path: Assets/Resources/Character/Hair_0.png
  artifactKey: Guid(b24d02171ac579a4f82f057cd2cd742e) Importer(815301076,1909f56bfc062723c751e8b465ee728b)
Start importing Assets/Resources/Character/Hair_0.png using Guid(b24d02171ac579a4f82f057cd2cd742e) Importer(815301076,1909f56bfc062723c751e8b465ee728b)  -> (artifact id: '4177af2af48639374fea74af7bdcfcde') in 0.047347 seconds 
========================================================================
Received Import Request.
  Time since last request: 0.000025 seconds.
  path: Assets/Resources/Character/Hair_2.png
  artifactKey: Guid(de5440f24bb891b4bb54d06db8f7cbbb) Importer(815301076,1909f56bfc062723c751e8b465ee728b)
Start importing Assets/Resources/Character/Hair_2.png using Guid(de5440f24bb891b4bb54d06db8f7cbbb) Importer(815301076,1909f56bfc062723c751e8b465ee728b)  -> (artifact id: '85d449415c179ae14eb501e9ce696700') in 0.036143 seconds 
========================================================================
Received Import Request.
  Time since last request: 0.000034 seconds.
  path: Assets/Resources/Character/Skin_3.png
  artifactKey: Guid(a0215c2a2693edb43953b6d97276d391) Importer(815301076,1909f56bfc062723c751e8b465ee728b)
Start importing Assets/Resources/Character/Skin_3.png using Guid(a0215c2a2693edb43953b6d97276d391) Importer(815301076,1909f56bfc062723c751e8b465ee728b)  -> (artifact id: '52f90fc2cd0c6b0b84abb0e125fbfbc5') in 0.025607 seconds 
========================================================================
Received Import Request.
  Time since last request: 0.000296 seconds.
  path: Assets/Resources/Character/Clothes_8.png
  artifactKey: Guid(c4a38879374ab4f4ea1aad474d97c96d) Importer(815301076,1909f56bfc062723c751e8b465ee728b)
Start importing Assets/Resources/Character/Clothes_8.png using Guid(c4a38879374ab4f4ea1aad474d97c96d) Importer(815301076,1909f56bfc062723c751e8b465ee728b)  -> (artifact id: '61bd10c2d2d1388b0b247510ec58ae21') in 0.057517 seconds 
========================================================================
Received Import Request.
  Time since last request: 0.000023 seconds.
  path: Assets/Resources/Character/Clothes_0.png
  artifactKey: Guid(53faa31b2463c74458fdf7f85b261938) Importer(815301076,1909f56bfc062723c751e8b465ee728b)
Start importing Assets/Resources/Character/Clothes_0.png using Guid(53faa31b2463c74458fdf7f85b261938) Importer(815301076,1909f56bfc062723c751e8b465ee728b)  -> (artifact id: 'cee48edc575be30789aded9faaf283b7') in 0.030505 seconds 
========================================================================
Received Import Request.
  Time since last request: 0.000261 seconds.
  path: Assets/Resources/Character/Mouth_2.png
  artifactKey: Guid(c3d41a1397bf6ae4d85d17acbb0edbf5) Importer(815301076,1909f56bfc062723c751e8b465ee728b)
Start importing Assets/Resources/Character/Mouth_2.png using Guid(c3d41a1397bf6ae4d85d17acbb0edbf5) Importer(815301076,1909f56bfc062723c751e8b465ee728b)  -> (artifact id: '5f7a890ea97427de03ad2a13d2f80daa') in 0.026239 seconds 
========================================================================
Received Import Request.
  Time since last request: 0.000023 seconds.
  path: Assets/Resources/Character/Eyes_3.png
  artifactKey: Guid(dba49de5f99329544b623b24890ba898) Importer(815301076,1909f56bfc062723c751e8b465ee728b)
Start importing Assets/Resources/Character/Eyes_3.png using Guid(dba49de5f99329544b623b24890ba898) Importer(815301076,1909f56bfc062723c751e8b465ee728b)  -> (artifact id: 'e7aab39c762cc873f6091e0260975818') in 0.015702 seconds 
========================================================================
Received Import Request.
  Time since last request: 0.000019 seconds.
  path: Assets/Resources/Character/Armour_10.png
  artifactKey: Guid(05f6cbe525cdb604fa16f488d4e13d02) Importer(815301076,1909f56bfc062723c751e8b465ee728b)
Start importing Assets/Resources/Character/Armour_10.png using Guid(05f6cbe525cdb604fa16f488d4e13d02) Importer(815301076,1909f56bfc062723c751e8b465ee728b)  -> (artifact id: '79f71539b47d586a1015c31394dd838b') in 0.018804 seconds 
========================================================================
Received Import Request.
  Time since last request: 0.000025 seconds.
  path: Assets/Resources/Character/Armour_3.png
  artifactKey: Guid(12f25b25feccc7b4582d7c18442e5bfb) Importer(815301076,1909f56bfc062723c751e8b465ee728b)
Start importing Assets/Resources/Character/Armour_3.png using Guid(12f25b25feccc7b4582d7c18442e5bfb) Importer(815301076,1909f56bfc062723c751e8b465ee728b)  -> (artifact id: '8f0358ed60dd079eace138965e8b323b') in 0.016665 seconds 
========================================================================
Received Import Request.
  Time since last request: 0.000026 seconds.
  path: Assets/Resources/Character/Skin_2.png
  artifactKey: Guid(47d93c0bc355510459f582d1bbe32dbe) Importer(815301076,1909f56bfc062723c751e8b465ee728b)
Start importing Assets/Resources/Character/Skin_2.png using Guid(47d93c0bc355510459f582d1bbe32dbe) Importer(815301076,1909f56bfc062723c751e8b465ee728b)  -> (artifact id: 'c03b64d4489e7d2c493ca34d02ff06fe') in 0.013816 seconds 
========================================================================
Received Import Request.
  Time since last request: 0.000030 seconds.
  path: Assets/Resources/Character/Armour_5.png
  artifactKey: Guid(02a8ed9697660404ea4fcefc6d1b3162) Importer(815301076,1909f56bfc062723c751e8b465ee728b)
Start importing Assets/Resources/Character/Armour_5.png using Guid(02a8ed9697660404ea4fcefc6d1b3162) Importer(815301076,1909f56bfc062723c751e8b465ee728b)  -> (artifact id: '97dc486083c4765a56067f38f87e1066') in 0.016974 seconds 
========================================================================
Received Import Request.
  Time since last request: 0.000024 seconds.
  path: Assets/Resources/Character/Clothes_7.png
  artifactKey: Guid(830ae2d378254a04391ff2bd77d20808) Importer(815301076,1909f56bfc062723c751e8b465ee728b)
Start importing Assets/Resources/Character/Clothes_7.png using Guid(830ae2d378254a04391ff2bd77d20808) Importer(815301076,1909f56bfc062723c751e8b465ee728b)  -> (artifact id: '430066f61cc652c437bb003fa2a30c03') in 0.022250 seconds 
========================================================================
Received Import Request.
  Time since last request: 0.000028 seconds.
  path: Assets/Resources/Character/Eyes_1.png
  artifactKey: Guid(596b4d8a910cc4a40a11aa22759b3958) Importer(815301076,1909f56bfc062723c751e8b465ee728b)
Start importing Assets/Resources/Character/Eyes_1.png using Guid(596b4d8a910cc4a40a11aa22759b3958) Importer(815301076,1909f56bfc062723c751e8b465ee728b)  -> (artifact id: 'ef7dbfc5d23b82b7657dba447626c923') in 0.015499 seconds 
========================================================================
Received Import Request.
  Time since last request: 0.000025 seconds.
  path: Assets/Resources/Character/Hair_3.png
  artifactKey: Guid(d6b4f61ceacc5d94e8686a84fc7a0b72) Importer(815301076,1909f56bfc062723c751e8b465ee728b)
Start importing Assets/Resources/Character/Hair_3.png using Guid(d6b4f61ceacc5d94e8686a84fc7a0b72) Importer(815301076,1909f56bfc062723c751e8b465ee728b)  -> (artifact id: '397ae8dea473583a0842941a5f867365') in 0.015385 seconds 
========================================================================
Received Import Request.
  Time since last request: 0.000023 seconds.
  path: Assets/Resources/Character/Armour_7.png
  artifactKey: Guid(3f3838a3488069e4da3a1e7aa45d1b1e) Importer(815301076,1909f56bfc062723c751e8b465ee728b)
Start importing Assets/Resources/Character/Armour_7.png using Guid(3f3838a3488069e4da3a1e7aa45d1b1e) Importer(815301076,1909f56bfc062723c751e8b465ee728b)  -> (artifact id: '788a386a5828e7f75a24e2c4a28d8b7b') in 0.018186 seconds 
========================================================================
Received Import Request.
  Time since last request: 0.000025 seconds.
  path: Assets/Resources/Character/Clothes_6.png
  artifactKey: Guid(23206daafe58ac34782fa5aee6b96173) Importer(815301076,1909f56bfc062723c751e8b465ee728b)
Start importing Assets/Resources/Character/Clothes_6.png using Guid(23206daafe58ac34782fa5aee6b96173) Importer(815301076,1909f56bfc062723c751e8b465ee728b)  -> (artifact id: '96c75c6e148e7b0b5288b875d6e76481') in 0.015475 seconds 
========================================================================
Received Import Request.
  Time since last request: 0.000027 seconds.
  path: Assets/Resources/Character/Clothes_5.png
  artifactKey: Guid(15c5fabfca136c949aec6c116e04e163) Importer(815301076,1909f56bfc062723c751e8b465ee728b)
Start importing Assets/Resources/Character/Clothes_5.png using Guid(15c5fabfca136c949aec6c116e04e163) Importer(815301076,1909f56bfc062723c751e8b465ee728b)  -> (artifact id: '02e3ddf9cf8d3c85ae8193838305d95c') in 0.012256 seconds 
========================================================================
Received Import Request.
  Time since last request: 0.000022 seconds.
  path: Assets/Resources/Character/Armour_8.png
  artifactKey: Guid(47a4e7f038e5bd44e8cae01bc8b0b3df) Importer(815301076,1909f56bfc062723c751e8b465ee728b)
Start importing Assets/Resources/Character/Armour_8.png using Guid(47a4e7f038e5bd44e8cae01bc8b0b3df) Importer(815301076,1909f56bfc062723c751e8b465ee728b)  -> (artifact id: 'd372c381e0f63e3e28a9a09461debe88') in 0.013056 seconds 
Editor requested this worker to shutdown with reason: Scaling down because of idle timeout
AssetImportWorker is now disconnected from the server
Process exiting
Exiting without the bug reporter. Application will terminate with return code 0